[1207/100652.598:ERROR:directory_reader_win.cc(43)] FindFirstFile: The system cannot find the path specified. (0x3)
[1208/080829.625:ERROR:process_reader_win.cc(151)] SuspendThread: Access is denied. (0x5)
[1208/080829.625:ERROR:process_reader_win.cc(151)] SuspendThread: Access is denied. (0x5)
[1208/080829.625:ERROR:process_reader_win.cc(151)] SuspendThread: Access is denied. (0x5)
[1208/080829.625:ERROR:process_reader_win.cc(151)] SuspendThread: Access is denied. (0x5)
[1208/080829.625:ERROR:process_reader_win.cc(151)] SuspendThread: Access is denied. (0x5)
[1208/080829.656:ERROR:process_reader_win.cc(123)] NtOpenThread: {Access Denied} A process has requested access to an object, but has not been granted those access rights. (0xc0000022)
[1208/080829.721:ERROR:process_reader_win.cc(151)] SuspendThread: Access is denied. (0x5)
[1208/080829.760:ERROR:process_reader_win.cc(151)] SuspendThread: Access is denied. (0x5)
[1208/080829.768:ERROR:process_reader_win.cc(123)] NtOpenThread: {Access Denied} A process has requested access to an object, but has not been granted those access rights. (0xc0000022)
[1208/080829.977:ERROR:exception_snapshot_win.cc(99)] thread ID 12320 not found in process
[1208/080829.977:ERROR:process_reader_win.cc(151)] SuspendThread: Access is denied. (0x5)
[1208/080829.625:ERROR:process_reader_win.cc(123)] NtOpenThread: {Access Denied} A process has requested access to an object, but has not been granted those access rights. (0xc0000022)
[1208/080829.625:ERROR:process_reader_win.cc(123)] NtOpenThread: {Access Denied} A process has requested access to an object, but has not been granted those access rights. (0xc0000022)
[1208/080829.977:ERROR:process_reader_win.cc(151)] SuspendThread: Access is denied. (0x5)
[1208/080829.796:ERROR:scoped_process_suspend.cc(31)] NtSuspendProcess: An attempt was made to access an exiting process. (0xc000010a)
[1208/080829.977:ERROR:process_reader_win.cc(151)] SuspendThread: Access is denied. (0x5)
[1208/080829.977:ERROR:exception_snapshot_win.cc(99)] thread ID 19608 not found in process
[1208/080829.897:ERROR:process_reader_win.cc(151)] SuspendThread: Access is denied. (0x5)
[1208/080829.981:ERROR:process_reader_win.cc(151)] SuspendThread: Access is denied. (0x5)
[1208/080829.981:ERROR:exception_snapshot_win.cc(99)] thread ID 25608 not found in process
[1208/080829.981:ERROR:scoped_process_suspend.cc(40)] NtResumeProcess: An attempt was made to access an exiting process. (0xc000010a)
[1208/080829.906:ERROR:process_reader_win.cc(123)] NtOpenThread: {Access Denied} A process has requested access to an object, but has not been granted those access rights. (0xc0000022)
[1208/080829.907:ERROR:process_reader_win.cc(151)] SuspendThread: Access is denied. (0x5)
[1208/080829.907:ERROR:process_reader_win.cc(123)] NtOpenThread: {Access Denied} A process has requested access to an object, but has not been granted those access rights. (0xc0000022)
[1208/080829.907:ERROR:process_reader_win.cc(123)] NtOpenThread: {Access Denied} A process has requested access to an object, but has not been granted those access rights. (0xc0000022)
[1208/080829.931:ERROR:process_reader_win.cc(123)] NtOpenThread: {Access Denied} A process has requested access to an object, but has not been granted those access rights. (0xc0000022)
[1208/080829.977:ERROR:exception_snapshot_win.cc(99)] thread ID 8756 not found in process
[1208/080829.625:ERROR:process_reader_win.cc(123)] NtOpenThread: {Access Denied} A process has requested access to an object, but has not been granted those access rights. (0xc0000022)
[1208/080829.981:ERROR:process_reader_win.cc(151)] SuspendThread: Access is denied. (0x5)
[1208/080829.981:ERROR:exception_snapshot_win.cc(99)] thread ID 25232 not found in process
[1208/080829.981:ERROR:scoped_process_suspend.cc(40)] NtResumeProcess: An attempt was made to access an exiting process. (0xc000010a)
[1208/080829.981:ERROR:scoped_process_suspend.cc(40)] NtResumeProcess: An attempt was made to access an exiting process. (0xc000010a)
[1208/080829.977:ERROR:process_reader_win.cc(151)] SuspendThread: Access is denied. (0x5)
[1208/080829.981:ERROR:scoped_process_suspend.cc(40)] NtResumeProcess: An attempt was made to access an exiting process. (0xc000010a)
[1208/080830.057:ERROR:process_reader_win.cc(151)] SuspendThread: Access is denied. (0x5)
[1208/080830.057:ERROR:scoped_process_suspend.cc(31)] NtSuspendProcess: An attempt was made to access an exiting process. (0xc000010a)
[1208/080830.057:ERROR:process_reader_win.cc(151)] SuspendThread: Access is denied. (0x5)
[1208/080830.057:ERROR:process_reader_win.cc(151)] SuspendThread: Access is denied. (0x5)
[1208/080830.057:ERROR:exception_snapshot_win.cc(99)] thread ID 27528 not found in process
[1208/080829.977:ERROR:process_reader_win.cc(151)] SuspendThread: Access is denied. (0x5)
[1208/080830.057:ERROR:process_reader_win.cc(123)] NtOpenThread: An invalid Client ID was specified. (0xc000000b)
[1208/080830.057:ERROR:exception_snapshot_win.cc(99)] thread ID 21040 not found in process
[1208/080830.057:ERROR:scoped_process_suspend.cc(40)] NtResumeProcess: An attempt was made to access an exiting process. (0xc000010a)
[1208/080830.057:ERROR:scoped_process_suspend.cc(40)] NtResumeProcess: An attempt was made to access an exiting process. (0xc000010a)
[1208/080829.981:ERROR:process_reader_win.cc(151)] SuspendThread: Access is denied. (0x5)
[1208/080830.058:ERROR:process_reader_win.cc(151)] SuspendThread: Access is denied. (0x5)
[1208/080830.058:ERROR:process_reader_win.cc(123)] NtOpenThread: {Access Denied} A process has requested access to an object, but has not been granted those access rights. (0xc0000022)
[1208/080830.058:ERROR:exception_snapshot_win.cc(99)] thread ID 26172 not found in process
[1208/080830.058:ERROR:scoped_process_suspend.cc(40)] NtResumeProcess: An attempt was made to access an exiting process. (0xc000010a)
[1208/080829.796:ERROR:scoped_process_suspend.cc(31)] NtSuspendProcess: An attempt was made to access an exiting process. (0xc000010a)
[1208/080829.896:ERROR:process_reader_win.cc(151)] SuspendThread: Access is denied. (0x5)
[1208/080830.058:ERROR:process_reader_win.cc(151)] SuspendThread: Access is denied. (0x5)
[1208/080830.058:ERROR:process_reader_win.cc(151)] SuspendThread: Access is denied. (0x5)
[1208/080830.058:ERROR:process_reader_win.cc(151)] SuspendThread: Access is denied. (0x5)
[1208/080830.058:ERROR:process_reader_win.cc(151)] SuspendThread: Access is denied. (0x5)
[1208/080830.058:ERROR:exception_snapshot_win.cc(99)] thread ID 18100 not found in process
[1208/080830.058:ERROR:scoped_process_suspend.cc(40)] NtResumeProcess: An attempt was made to access an exiting process. (0xc000010a)
[1208/080829.897:ERROR:process_reader_win.cc(123)] NtOpenThread: {Access Denied} A process has requested access to an object, but has not been granted those access rights. (0xc0000022)
[1208/080830.058:ERROR:exception_snapshot_win.cc(99)] thread ID 25956 not found in process
[1208/080830.058:ERROR:scoped_process_suspend.cc(40)] NtResumeProcess: An attempt was made to access an exiting process. (0xc000010a)
[1208/080829.897:ERROR:process_reader_win.cc(151)] SuspendThread: Access is denied. (0x5)
[1208/080830.058:ERROR:process_reader_win.cc(151)] SuspendThread: Access is denied. (0x5)
[1208/080830.058:ERROR:process_reader_win.cc(151)] SuspendThread: Access is denied. (0x5)
[1208/080830.058:ERROR:process_reader_win.cc(151)] SuspendThread: Access is denied. (0x5)
[1208/080830.058:ERROR:process_reader_win.cc(151)] SuspendThread: Access is denied. (0x5)
[1208/080830.058:ERROR:exception_snapshot_win.cc(99)] thread ID 27172 not found in process
[1208/080830.058:ERROR:scoped_process_suspend.cc(40)] NtResumeProcess: An attempt was made to access an exiting process. (0xc000010a)
[1208/080829.981:ERROR:exception_snapshot_win.cc(99)] thread ID 27472 not found in process
[1208/080830.058:ERROR:scoped_process_suspend.cc(40)] NtResumeProcess: An attempt was made to access an exiting process. (0xc000010a)
[1208/080829.981:ERROR:process_reader_win.cc(151)] SuspendThread: Access is denied. (0x5)
[1208/080830.058:ERROR:process_reader_win.cc(151)] SuspendThread: Access is denied. (0x5)
[1208/080829.768:ERROR:process_reader_win.cc(151)] SuspendThread: Access is denied. (0x5)
[1208/080830.063:ERROR:process_reader_win.cc(123)] NtOpenThread: An invalid Client ID was specified. (0xc000000b)
[1208/080830.063:ERROR:process_reader_win.cc(123)] NtOpenThread: An invalid Client ID was specified. (0xc000000b)
[1208/080830.065:ERROR:process_reader_win.cc(123)] NtOpenThread: An invalid Client ID was specified. (0xc000000b)
[1208/080830.065:ERROR:process_reader_win.cc(151)] SuspendThread: Access is denied. (0x5)
[1208/080830.065:ERROR:exception_snapshot_win.cc(99)] thread ID 27464 not found in process
[1208/080830.065:ERROR:scoped_process_suspend.cc(40)] NtResumeProcess: An attempt was made to access an exiting process. (0xc000010a)
[1208/080830.065:ERROR:process_reader_win.cc(151)] SuspendThread: Access is denied. (0x5)
[1208/080830.066:ERROR:process_reader_win.cc(151)] SuspendThread: Access is denied. (0x5)
[1208/080830.066:ERROR:exception_snapshot_win.cc(99)] thread ID 17996 not found in process
[1208/080830.066:ERROR:scoped_process_suspend.cc(40)] NtResumeProcess: An attempt was made to access an exiting process. (0xc000010a)
[1208/080829.796:ERROR:scoped_process_suspend.cc(31)] NtSuspendProcess: An attempt was made to access an exiting process. (0xc000010a)
[1208/080829.981:ERROR:scoped_process_suspend.cc(31)] NtSuspendProcess: An attempt was made to access an exiting process. (0xc000010a)
[1208/080830.087:ERROR:process_reader_win.cc(123)] NtOpenThread: {Access Denied} A process has requested access to an object, but has not been granted those access rights. (0xc0000022)
[1208/080830.063:ERROR:scoped_process_suspend.cc(31)] NtSuspendProcess: An attempt was made to access an exiting process. (0xc000010a)
[1208/080830.087:ERROR:exception_snapshot_win.cc(99)] thread ID 9280 not found in process
[1208/080829.981:ERROR:exception_snapshot_win.cc(99)] thread ID 24724 not found in process
[1208/080830.087:ERROR:scoped_process_suspend.cc(40)] NtResumeProcess: An attempt was made to access an exiting process. (0xc000010a)
[1208/080829.981:ERROR:scoped_process_suspend.cc(31)] NtSuspendProcess: An attempt was made to access an exiting process. (0xc000010a)
[1208/080830.097:ERROR:process_reader_win.cc(123)] NtOpenThread: {Access Denied} A process has requested access to an object, but has not been granted those access rights. (0xc0000022)
[1208/080830.097:ERROR:exception_snapshot_win.cc(99)] thread ID 15248 not found in process
[1208/080829.981:ERROR:exception_snapshot_win.cc(99)] thread ID 25684 not found in process
[1208/080830.097:ERROR:scoped_process_suspend.cc(40)] NtResumeProcess: An attempt was made to access an exiting process. (0xc000010a)
[1208/080829.981:ERROR:scoped_process_suspend.cc(31)] NtSuspendProcess: An attempt was made to access an exiting process. (0xc000010a)
[1208/080829.981:ERROR:exception_snapshot_win.cc(99)] thread ID 18660 not found in process
[1208/080830.097:ERROR:scoped_process_suspend.cc(40)] NtResumeProcess: An attempt was made to access an exiting process. (0xc000010a)
[1208/080830.117:ERROR:process_reader_win.cc(123)] NtOpenThread: {Access Denied} A process has requested access to an object, but has not been granted those access rights. (0xc0000022)
[1208/080830.117:ERROR:exception_snapshot_win.cc(99)] thread ID 13972 not found in process
[1208/080829.981:ERROR:scoped_process_suspend.cc(31)] NtSuspendProcess: An attempt was made to access an exiting process. (0xc000010a)
[1208/080830.117:ERROR:process_info.cc(118)] ReadProcessMemory bool __cdecl crashpad::(anonymous namespace)::ReadStruct(HANDLE, crashpad::WinVMAddress, T *) [T = crashpad::process_types::PEB<crashpad::process_types::internal::Traits64>]: Only part of a ReadProcessMemory or WriteProcessMemory request was completed. (0x12B)
[1208/080830.124:ERROR:process_info.cc(551)] ReadProcessData failed
[1208/080829.981:ERROR:scoped_process_suspend.cc(31)] NtSuspendProcess: An attempt was made to access an exiting process. (0xc000010a)
[1208/080830.017:ERROR:process_reader_win.cc(123)] NtOpenThread: {Access Denied} A process has requested access to an object, but has not been granted those access rights. (0xc0000022)
[1208/080830.126:ERROR:exception_snapshot_win.cc(99)] thread ID 17164 not found in process
[1208/080830.037:ERROR:process_reader_win.cc(123)] NtOpenThread: {Access Denied} A process has requested access to an object, but has not been granted those access rights. (0xc0000022)
[1208/080830.127:ERROR:exception_snapshot_win.cc(99)] thread ID 16364 not found in process
[1208/080830.127:ERROR:scoped_process_suspend.cc(40)] NtResumeProcess: An attempt was made to access an exiting process. (0xc000010a)
[1208/080830.063:ERROR:scoped_process_suspend.cc(31)] NtSuspendProcess: An attempt was made to access an exiting process. (0xc000010a)
[1208/080830.063:ERROR:scoped_process_suspend.cc(31)] NtSuspendProcess: An attempt was made to access an exiting process. (0xc000010a)
[1208/080830.063:ERROR:scoped_process_suspend.cc(31)] NtSuspendProcess: An attempt was made to access an exiting process. (0xc000010a)
[1208/080830.127:ERROR:process_reader_win.cc(123)] NtOpenThread: {Access Denied} A process has requested access to an object, but has not been granted those access rights. (0xc0000022)
[1208/080830.127:ERROR:exception_snapshot_win.cc(99)] thread ID 25548 not found in process
[1208/080830.127:ERROR:scoped_process_suspend.cc(31)] NtSuspendProcess: An attempt was made to access an exiting process. (0xc000010a)
[1208/080830.136:ERROR:process_reader_win.cc(151)] SuspendThread: Access is denied. (0x5)
[1208/080830.136:ERROR:exception_snapshot_win.cc(99)] thread ID 8984 not found in process
[1208/080830.136:ERROR:process_reader_win.cc(123)] NtOpenThread: {Access Denied} A process has requested access to an object, but has not been granted those access rights. (0xc0000022)
[1208/080830.136:ERROR:exception_snapshot_win.cc(99)] thread ID 11876 not found in process
[1208/080830.136:ERROR:process_reader_win.cc(123)] NtOpenThread: {Access Denied} A process has requested access to an object, but has not been granted those access rights. (0xc0000022)
[1208/080830.136:ERROR:exception_snapshot_win.cc(99)] thread ID 18732 not found in process
[1208/080830.188:ERROR:process_reader_win.cc(151)] SuspendThread: Access is denied. (0x5)
[1208/080830.188:ERROR:exception_snapshot_win.cc(99)] thread ID 27120 not found in process
[1208/080830.188:ERROR:process_reader_win.cc(123)] NtOpenThread: {Access Denied} A process has requested access to an object, but has not been granted those access rights. (0xc0000022)
[1208/080830.188:ERROR:exception_snapshot_win.cc(99)] thread ID 17488 not found in process
[1208/080830.188:ERROR:process_reader_win.cc(123)] NtOpenThread: {Access Denied} A process has requested access to an object, but has not been granted those access rights. (0xc0000022)
[1208/080830.195:ERROR:exception_snapshot_win.cc(99)] thread ID 11664 not found in process
[1208/080830.195:ERROR:process_reader_win.cc(151)] SuspendThread: Access is denied. (0x5)
[1208/080830.195:ERROR:process_reader_win.cc(151)] SuspendThread: Access is denied. (0x5)
[1208/080830.195:ERROR:exception_snapshot_win.cc(99)] thread ID 23104 not found in process
[1208/080830.195:ERROR:exception_snapshot_win.cc(99)] thread ID 24200 not found in process
[1211/081142.078:ERROR:directory_reader_win.cc(43)] FindFirstFile: The system cannot find the path specified. (0x3)
[1218/083040.480:ERROR:directory_reader_win.cc(43)] FindFirstFile: The system cannot find the path specified. (0x3)
[0124/140103.506:ERROR:directory_reader_win.cc(43)] FindFirstFile: The system cannot find the path specified. (0x3)
